TN:
SF:src/db.ts
FN:21,ensureSchema
FNF:1
FNH:0
FNDA:0,ensureSchema
DA:1,1
DA:4,1
DA:6,1
DA:21,0
DA:22,0
DA:23,0
LF:6
LH:3
BRF:0
BRH:0
end_of_record
TN:
SF:src/env.ts
FNF:0
FNH:0
DA:1,1
DA:3,1
DA:4,1
DA:5,1
DA:6,1
DA:7,1
DA:8,1
DA:9,1
DA:10,1
DA:11,1
DA:13,1
LF:11
LH:11
BRF:0
BRH:0
end_of_record
TN:
SF:src/index.ts
FN:15,build
FN:45,main
FNF:2
FNH:1
FNDA:4,build
FNDA:0,main
DA:1,1
DA:15,4
DA:16,4
DA:17,4
DA:18,4
DA:19,4
DA:21,4
DA:22,4
DA:24,4
DA:25,4
DA:26,4
DA:27,4
DA:29,4
DA:31,4
DA:32,4
DA:33,4
DA:35,4
DA:36,10
DA:37,10
DA:38,10
DA:39,10
DA:40,4
DA:42,4
DA:43,4
DA:45,0
DA:46,0
DA:47,0
DA:48,0
DA:49,0
DA:50,0
DA:51,0
DA:52,0
DA:53,0
DA:54,0
DA:55,0
DA:59,1
DA:60,0
DA:61,0
LF:38
LH:25
BRDA:59,0,0,0
BRDA:15,1,0,4
BRDA:17,2,0,0
BRDA:25,3,0,0
BRDA:29,4,0,1
BRDA:35,5,0,10
BRDA:37,6,0,0
BRDA:39,7,0,0
BRF:8
BRH:3
end_of_record
TN:
SF:src/ytdlp.ts
FN:15,ytdlpSearch
FN:26,ytdlpInfo
FN:36,isYtVideoUnavailableMessage
FN:47,runYtdlp
FNF:4
FNH:0
FNDA:0,ytdlpSearch
FNDA:0,ytdlpInfo
FNDA:0,isYtVideoUnavailableMessage
FNDA:0,runYtdlp
DA:1,1
DA:15,0
DA:16,0
DA:17,0
DA:18,0
DA:19,0
DA:20,0
DA:21,0
DA:22,0
DA:23,0
DA:24,0
DA:26,0
DA:27,0
DA:28,0
DA:29,0
DA:30,0
DA:31,0
DA:32,0
DA:33,0
DA:34,0
DA:36,1
DA:37,0
DA:38,0
DA:39,0
DA:40,0
DA:41,0
DA:42,0
DA:43,0
DA:45,0
DA:47,0
DA:48,0
DA:49,0
DA:50,0
DA:51,0
DA:52,0
DA:53,0
DA:55,0
DA:56,0
DA:57,0
DA:58,0
DA:60,0
DA:61,0
DA:62,0
DA:63,0
DA:64,0
DA:65,0
DA:66,0
DA:67,0
DA:68,0
DA:69,0
DA:70,0
LF:51
LH:2
BRF:0
BRH:0
end_of_record
TN:
SF:src/jobs/enqueueSplit.ts
FN:4,enqueueSplit
FNF:1
FNH:0
FNDA:0,enqueueSplit
DA:1,1
DA:4,0
DA:5,0
DA:6,0
DA:7,0
DA:8,0
DA:9,0
DA:10,0
LF:8
LH:1
BRF:0
BRH:0
end_of_record
TN:
SF:src/routes/jobs.ts
FN:30,rowToView
FN:42,resolveSource
FN:64,registerJobRoutes
FN:67,handler
FN:98,handler
FN:112,handler
FNF:6
FNH:6
FNDA:3,rowToView
FNDA:7,resolveSource
FNDA:4,registerJobRoutes
FNDA:7,handler
FNDA:4,handler
FNDA:2,handler
DA:1,1
DA:30,3
DA:31,3
DA:32,3
DA:33,3
DA:34,3
DA:35,3
DA:36,3
DA:37,3
DA:38,3
DA:39,3
DA:40,3
DA:42,7
DA:46,7
DA:47,7
DA:48,7
DA:49,2
DA:50,2
DA:51,2
DA:52,2
DA:53,3
DA:54,3
DA:55,2
DA:56,2
DA:57,2
DA:58,3
DA:59,1
DA:60,1
DA:61,0
DA:62,0
DA:64,4
DA:65,4
DA:66,4
DA:67,4
DA:68,7
DA:75,7
DA:76,7
DA:77,5
DA:78,5
DA:79,5
DA:81,5
DA:82,5
DA:83,5
DA:84,5
DA:85,7
DA:86,2
DA:87,2
DA:88,1
DA:89,1
DA:90,1
DA:91,1
DA:92,1
DA:93,7
DA:94,4
DA:96,4
DA:97,4
DA:98,4
DA:99,4
DA:100,4
DA:101,4
DA:103,4
DA:104,4
DA:105,4
DA:106,3
DA:107,4
DA:108,4
DA:110,4
DA:111,4
DA:112,4
DA:113,2
DA:114,2
DA:115,2
DA:116,2
DA:117,2
DA:118,2
DA:119,4
DA:120,4
LF:77
LH:75
BRDA:30,0,0,3
BRDA:42,1,0,7
BRDA:47,2,0,2
BRDA:47,3,0,5
BRDA:48,4,0,2
BRDA:50,5,0,0
BRDA:52,6,0,3
BRDA:54,7,0,2
BRDA:58,8,0,1
BRDA:60,9,0,0
BRDA:56,10,0,2
BRDA:56,11,0,1
BRDA:56,12,0,1
BRDA:56,13,0,1
BRDA:64,14,0,4
BRDA:67,15,0,7
BRDA:76,16,0,5
BRDA:85,17,0,2
BRDA:86,18,0,0
BRDA:87,19,0,1
BRDA:98,20,0,4
BRDA:105,21,0,1
BRDA:105,22,0,3
BRDA:112,23,0,2
BRF:24
BRH:21
end_of_record
TN:
SF:src/routes/search.ts
FN:7,pickThumbnail
FN:17,registerSearchRoutes
FN:20,handler
FNF:3
FNH:3
FNDA:11,pickThumbnail
FNDA:4,registerSearchRoutes
FNDA:9,handler
DA:1,1
DA:5,1
DA:7,11
DA:8,11
DA:9,11
DA:10,11
DA:11,1
DA:12,1
DA:13,1
DA:14,1
DA:15,1
DA:17,4
DA:18,4
DA:19,4
DA:20,4
DA:21,9
DA:22,9
DA:23,9
DA:24,7
DA:25,7
DA:26,7
DA:27,14
DA:28,13
DA:29,13
DA:30,13
DA:31,7
DA:32,7
DA:33,7
DA:34,11
DA:35,11
DA:36,11
DA:37,11
DA:38,11
DA:39,7
DA:40,7
DA:41,9
DA:42,2
DA:43,2
DA:44,1
DA:45,1
DA:46,1
DA:47,1
DA:48,1
DA:49,9
DA:50,4
DA:51,4
LF:46
LH:46
BRDA:7,0,0,11
BRDA:8,1,0,9
BRDA:8,2,0,2
BRDA:9,3,0,1
BRDA:10,4,0,1
BRDA:12,5,0,4
BRDA:12,6,0,0
BRDA:12,7,0,0
BRDA:12,8,0,0
BRDA:12,9,0,0
BRDA:17,10,0,4
BRDA:20,11,0,9
BRDA:23,12,0,7
BRDA:41,13,0,2
BRDA:42,14,0,0
BRDA:43,15,0,1
BRDA:26,16,0,14
BRDA:27,17,0,13
BRDA:28,18,0,13
BRDA:29,19,0,13
BRDA:33,20,0,11
BRDA:36,21,0,1
BRDA:36,22,0,1
BRDA:37,23,0,0
BRF:24
BRH:18
end_of_record
TN:
SF:src/routes/stems.ts
FN:21,registerStemRoutes
FN:24,handler
FNF:2
FNH:2
FNDA:4,registerStemRoutes
FNDA:15,handler
DA:1,1
DA:11,1
DA:13,1
DA:14,1
DA:15,1
DA:17,1
DA:18,1
DA:19,1
DA:21,4
DA:22,4
DA:23,4
DA:24,4
DA:25,15
DA:26,15
DA:28,15
DA:29,1
DA:30,1
DA:32,14
DA:39,14
DA:41,14
DA:42,14
DA:43,15
DA:44,13
DA:45,15
DA:46,1
DA:47,1
DA:48,15
DA:49,1
DA:50,1
DA:52,11
DA:53,11
DA:54,11
DA:55,11
DA:56,11
DA:57,11
DA:59,11
DA:60,11
DA:61,11
DA:62,10
DA:63,15
DA:64,1
DA:65,1
DA:67,15
DA:68,15
DA:69,15
DA:70,15
DA:71,15
DA:73,15
DA:74,2
DA:75,2
DA:76,2
DA:77,2
DA:78,2
DA:79,2
DA:80,2
DA:82,10
DA:83,15
DA:84,4
DA:85,4
DA:86,4
DA:87,4
DA:88,4
DA:89,2
DA:90,2
DA:91,2
DA:92,2
DA:93,2
DA:94,2
DA:95,2
DA:96,2
DA:97,2
DA:98,2
DA:99,2
DA:100,4
DA:102,6
DA:103,6
DA:104,15
DA:105,4
DA:106,4
LF:79
LH:79
BRDA:21,0,0,4
BRDA:24,1,0,15
BRDA:28,2,0,1
BRDA:30,3,0,14
BRDA:43,4,0,1
BRDA:43,5,0,13
BRDA:45,6,0,1
BRDA:47,7,0,12
BRDA:48,8,0,2
BRDA:48,9,0,1
BRDA:50,10,0,11
BRDA:61,11,0,10
BRDA:63,12,0,1
BRDA:65,13,0,10
BRDA:67,14,0,9
BRDA:67,15,0,1
BRDA:73,16,0,2
BRDA:74,17,0,1
BRDA:75,18,0,0
BRDA:80,19,0,10
BRDA:83,20,0,4
BRDA:86,21,0,0
BRDA:87,22,0,3
BRDA:87,23,0,1
BRDA:88,24,0,3
BRDA:88,25,0,3
BRDA:88,26,0,2
BRDA:100,27,0,6
BRF:28
BRH:26
end_of_record
TN:
SF:src/util/sanitize.ts
FN:1,sanitize
FNF:1
FNH:1
FNDA:2,sanitize
DA:1,1
DA:2,2
DA:3,2
LF:3
LH:3
BRDA:1,0,0,2
BRDA:2,1,0,0
BRF:2
BRH:1
end_of_record
